This is XeTeX, Version 3.14159265-2.6-0.99999 (TeX Live 2018/W32TeX) (preloaded format=xelatex 2018.10.13)  26 JUN 2019 19:48
entering extended mode
 restricted \write18 enabled.
 file:line:error style messages enabled.
 %&-line parsing enabled.
**"e:/Computer & Programming/SICP/ch7"
(e:/Computer & Programming/SICP/ch7.tex
LaTeX2e <2018-04-01> patch level 2
Babel <3.18> and hyphenation patterns for 84 language(s) loaded.
e:/Computer & Programming/SICP/ch7.tex:3: I can't find file `../6001mac'.
l.3 \input ../6001mac
                     
(Press Enter to retry, or Control-Z to exit)
Please type another input file name
e:/Computer & Programming/SICP/ch7.tex:3: Emergency stop.
l.3 \input ../6001mac
                     
*** (job aborted, file error in nonstop mode)

 
Here is how much of TeX's memory you used:
 7 strings out of 492970
 127 string characters out of 6137297
 63642 words of memory out of 5000000
 4112 multiletter control sequences out of 15000+600000
 3640 words of font info for 14 fonts, out of 8000000 for 9000
 1348 hyphenation exceptions out of 8191
 5i,0n,3p,61b,8s stack positions out of 5000i,500n,10000p,200000b,80000s
No pages of output.
